<?xml version="1.0" encoding="UTF-8"?>
<testsuites name="jest tests" tests="36" failures="0" errors="0" time="2.768">
  <testsuite name="Routes" errors="0" failures="0" skipped="35" timestamp="2024-04-24T08:58:24" time="2.695" tests="36">
    <testcase classname="Routes-default route should return status 302 as it should redirect to case list" name="Routes-default route should return status 302 as it should redirect to case list" time="0">
      <skipped/>
    </testcase>
    <testcase classname="Routes-should route to the user guide" name="Routes-should route to the user guide" time="0">
      <skipped/>
    </testcase>
    <testcase classname="Routes-should route to the accessibility statement" name="Routes-should route to the accessibility statement" time="0">
      <skipped/>
    </testcase>
    <testcase classname="Routes-should route to the cookies policy page" name="Routes-should route to the cookies policy page" time="0">
      <skipped/>
    </testcase>
    <testcase classname="Routes-should route to the cookie preference" name="Routes-should route to the cookie preference" time="0">
      <skipped/>
    </testcase>
    <testcase classname="Routes-should remove trailing slash from route (and preserve any querystring) in order to permit the use of relative links" name="Routes-should remove trailing slash from route (and preserve any querystring) in order to permit the use of relative links" time="0">
      <skipped/>
    </testcase>
    <testcase classname="Routes-case list route should display Monday&apos;s case list when viewing the empty case list on Sunday" name="Routes-case list route should display Monday&apos;s case list when viewing the empty case list on Sunday" time="0.242">
    </testcase>
    <testcase classname="Routes-empty case list route should show case list for today&apos;s date" name="Routes-empty case list route should show case list for today&apos;s date" time="0">
      <skipped/>
    </testcase>
    <testcase classname="Routes-case list route should call the case service to fetch case list data" name="Routes-case list route should call the case service to fetch case list data" time="0">
      <skipped/>
    </testcase>
    <testcase classname="Routes-case list route should call the case service to fetch recently added case list data" name="Routes-case list route should call the case service to fetch recently added case list data" time="0">
      <skipped/>
    </testcase>
    <testcase classname="Routes-case list route should call the case service to fetch recently removed case list data" name="Routes-case list route should call the case service to fetch recently removed case list data" time="0">
      <skipped/>
    </testcase>
    <testcase classname="Routes-case list route should redirect when filtering case list" name="Routes-case list route should redirect when filtering case list" time="0">
      <skipped/>
    </testcase>
    <testcase classname="Routes-case summary details route should call the case service to fetch case data" name="Routes-case summary details route should call the case service to fetch case data" time="0">
      <skipped/>
    </testcase>
    <testcase classname="Routes-case summary details route should redirect when viewing all previous orders" name="Routes-case summary details route should redirect when viewing all previous orders" time="0">
      <skipped/>
    </testcase>
    <testcase classname="Routes-case summary probation record route should call the case service to fetch case data" name="Routes-case summary probation record route should call the case service to fetch case data" time="0">
      <skipped/>
    </testcase>
    <testcase classname="Routes-case summary get conviction route should call the case service to fetch data for a single conviction" name="Routes-case summary get conviction route should call the case service to fetch data for a single conviction" time="0">
      <skipped/>
    </testcase>
    <testcase classname="Routes-case summary attendance route should call the case service to fetch attendance data" name="Routes-case summary attendance route should call the case service to fetch attendance data" time="0">
      <skipped/>
    </testcase>
    <testcase classname="Routes-case summary attendance route should NOT call the case service to fetch attendance data if the order is inactive" name="Routes-case summary attendance route should NOT call the case service to fetch attendance data if the order is inactive" time="0">
      <skipped/>
    </testcase>
    <testcase classname="Routes-case summary breach details route should call the case service to fetch breach data" name="Routes-case summary breach details route should call the case service to fetch breach data" time="0">
      <skipped/>
    </testcase>
    <testcase classname="Routes-case summary risk registers route should call the case service to fetch risk data" name="Routes-case summary risk registers route should call the case service to fetch risk data" time="0">
      <skipped/>
    </testcase>
    <testcase classname="Routes-bulk matching route should call the case service to fetch case data" name="Routes-bulk matching route should call the case service to fetch case data" time="0">
      <skipped/>
    </testcase>
    <testcase classname="Routes-defendant match selection screen should call the case service to fetch case data and match details data" name="Routes-defendant match selection screen should call the case service to fetch case data and match details data" time="0">
      <skipped/>
    </testcase>
    <testcase classname="Routes-defendant match selection route should redirect when form error" name="Routes-defendant match selection route should redirect when form error" time="0">
      <skipped/>
    </testcase>
    <testcase classname="Routes-defendant match selection route should redirect when submitting confirmation" name="Routes-defendant match selection route should redirect when submitting confirmation" time="0">
      <skipped/>
    </testcase>
    <testcase classname="Routes-defendant confirm no match route should update the case data and redirect" name="Routes-defendant confirm no match route should update the case data and redirect" time="0">
      <skipped/>
    </testcase>
    <testcase classname="Routes-defendant manual match route should call the case service for case data" name="Routes-defendant manual match route should call the case service for case data" time="0">
      <skipped/>
    </testcase>
    <testcase classname="Routes-defendant manual match route should redirect when submitting a valid CRN" name="Routes-defendant manual match route should redirect when submitting a valid CRN" time="0">
      <skipped/>
    </testcase>
    <testcase classname="Routes-defendant manual match confirmation route should call the case service for case data" name="Routes-defendant manual match confirmation route should call the case service for case data" time="0">
      <skipped/>
    </testcase>
    <testcase classname="Routes-defendant manual match confirm submission route should call case-service methods and redirect" name="Routes-defendant manual match confirm submission route should call case-service methods and redirect" time="0">
      <skipped/>
    </testcase>
    <testcase classname="Routes-defendant unlink route should call case-service and community-service methods" name="Routes-defendant unlink route should call case-service and community-service methods" time="0">
      <skipped/>
    </testcase>
    <testcase classname="Routes-licence details route should call the case service to fetch licence details data" name="Routes-licence details route should call the case service to fetch licence details data" time="0">
      <skipped/>
    </testcase>
    <testcase classname="Routes › Hearing outcomes-outcomes list route should call the case service to fetch outcome list data" name="Routes › Hearing outcomes-outcomes list route should call the case service to fetch outcome list data" time="0">
      <skipped/>
    </testcase>
    <testcase classname="Routes › Hearing outcomes-outcomes list route should call the case service to filter outcome list data" name="Routes › Hearing outcomes-outcomes list route should call the case service to filter outcome list data" time="0">
      <skipped/>
    </testcase>
    <testcase classname="Routes › Hearing outcomes-outcomes list route should call the case service to sort outcome list data" name="Routes › Hearing outcomes-outcomes list route should call the case service to sort outcome list data" time="0">
      <skipped/>
    </testcase>
    <testcase classname="Routes › Hearing outcomes-outcomes list route should call the case service to filter &amp; sort outcome list data" name="Routes › Hearing outcomes-outcomes list route should call the case service to filter &amp; sort outcome list data" time="0">
      <skipped/>
    </testcase>
    <testcase classname="Routes › Hearing outcomes-outcomes list route should call the case service to filter outcome list data with multiple filters" name="Routes › Hearing outcomes-outcomes list route should call the case service to filter outcome list data with multiple filters" time="0">
      <skipped/>
    </testcase>
  </testsuite>
</testsuites>