<?xml version="1.0" encoding="UTF-8"?>
<testsuites name="jest tests" tests="6" failures="0" errors="0" time="0.279">
  <testsuite name="caseListTableData" errors="0" failures="0" skipped="5" timestamp="2024-05-20T10:35:24" time="0.243" tests="6">
    <testcase classname="caseListTableData › getBadge-should get notMatched badge" name="caseListTableData › getBadge-should get notMatched badge" time="0">
      <skipped/>
    </testcase>
    <testcase classname="caseListTableData › getBadge-should get awaitingPsr badge" name="caseListTableData › getBadge-should get awaitingPsr badge" time="0">
      <skipped/>
    </testcase>
    <testcase classname="caseListTableData › getBadge-should get breach badge" name="caseListTableData › getBadge-should get breach badge" time="0">
      <skipped/>
    </testcase>
    <testcase classname="caseListTableData › getBadge-should get suspendedSentenceOrder badge" name="caseListTableData › getBadge-should get suspendedSentenceOrder badge" time="0">
      <skipped/>
    </testcase>
    <testcase classname="caseListTableData › getProbationStatusHtml-should have not matched" name="caseListTableData › getProbationStatusHtml-should have not matched" time="0">
      <skipped/>
    </testcase>
    <testcase classname="caseListTableData › getProbationStatusHtml-should have previously known" name="caseListTableData › getProbationStatusHtml-should have previously known" time="0.003">
    </testcase>
  </testsuite>
</testsuites>